[${project.name}][${env:SERVER_PORT}] 2022‐07‐18 12:08:05,584 INFO [main][AbstractTestContextBootstrapper.java:308]-Neither @ContextConfiguration nor @ContextHierarchy found for test class [cn.qifeng.merchant.RestTemplateTest], using SpringBootContextLoader
[${project.name}][${env:SERVER_PORT}] 2022‐07‐18 12:08:05,609 INFO [main][AbstractContextLoader.java:264]-Could not detect default resource locations for test class [cn.qifeng.merchant.RestTemplateTest]: no resource found for suffixes {-context.xml, Context.groovy}.
[${project.name}][${env:SERVER_PORT}] 2022‐07‐18 12:08:05,615 INFO [main][AnnotationConfigContextLoaderUtils.java:83]-Could not detect default configuration classes for test class [cn.qifeng.merchant.RestTemplateTest]: RestTemplateTest does not declare any static, non-private, non-final, nested classes annotated with @Configuration.
[${project.name}][${env:SERVER_PORT}] 2022‐07‐18 12:08:05,811 INFO [main][SpringBootTestContextBootstrapper.java:247]-Found @SpringBootConfiguration cn.qifeng.merchant.MerChantApplication for test class cn.qifeng.merchant.RestTemplateTest
[${project.name}][${env:SERVER_PORT}] 2022‐07‐18 12:08:05,969 INFO [main][AbstractTestContextBootstrapper.java:248]-Loaded default TestExecutionListener class names from location [META-INF/spring.factories]: [org.springframework.boot.test.mock.mockito.MockitoTestExecutionListener, org.springframework.boot.test.mock.mockito.ResetMocksTestExecutionListener, org.springframework.boot.test.autoconfigure.restdocs.RestDocsTestExecutionListener, org.springframework.boot.test.autoconfigure.web.client.MockRestServiceServerResetTestExecutionListener, org.springframework.boot.test.autoconfigure.web.servlet.MockMvcPrintOnlyOnFailureTestExecutionListener, org.springframework.boot.test.autoconfigure.web.servlet.WebDriverTestExecutionListener, org.springframework.test.context.web.ServletTestExecutionListener, org.springframework.test.context.support.DirtiesContextBeforeModesTestExecutionListener, org.springframework.test.context.support.DependencyInjectionTestExecutionListener, org.springframework.test.context.support.DirtiesContextTestExecutionListener, org.springframework.test.context.transaction.TransactionalTestExecutionListener, org.springframework.test.context.jdbc.SqlScriptsTestExecutionListener]
[${project.name}][${env:SERVER_PORT}] 2022‐07‐18 12:08:05,986 INFO [main][AbstractTestContextBootstrapper.java:177]-Using TestExecutionListeners: [org.springframework.test.context.web.ServletTestExecutionListener@4f49f6af, org.springframework.test.context.support.DirtiesContextBeforeModesTestExecutionListener@78452606, org.springframework.boot.test.mock.mockito.MockitoTestExecutionListener@147e2ae7, org.springframework.boot.test.autoconfigure.SpringBootDependencyInjectionTestExecutionListener@448c8166, org.springframework.test.context.support.DirtiesContextTestExecutionListener@4470fbd6, org.springframework.boot.test.mock.mockito.ResetMocksTestExecutionListener@15d49048, org.springframework.boot.test.autoconfigure.restdocs.RestDocsTestExecutionListener@7098b907, org.springframework.boot.test.autoconfigure.web.client.MockRestServiceServerResetTestExecutionListener@503f91c3, org.springframework.boot.test.autoconfigure.web.servlet.MockMvcPrintOnlyOnFailureTestExecutionListener@13526e59, org.springframework.boot.test.autoconfigure.web.servlet.WebDriverTestExecutionListener@2235eaab]
[${project.name}][${env:SERVER_PORT}] 2022‐07‐18 12:08:06,677 INFO [main][:]-using logger: org.apache.dubbo.common.logger.slf4j.Slf4jLoggerAdapter
[${project.name}][${env:SERVER_PORT}] 2022‐07‐18 12:08:06,682 INFO [main][WelcomeLogoApplicationListener.java:63]-

 :: Dubbo Spring Boot (v2.7.1) : https://github.com/apache/incubator-dubbo-spring-boot-project
 :: Dubbo (v2.7.3) : https://github.com/apache/incubator-dubbo
 :: Discuss group : dev@dubbo.apache.org

[${project.name}][${env:SERVER_PORT}] 2022‐07‐18 12:08:06,690 INFO [main][OverrideDubboConfigApplicationListener.java:68]-Dubbo Config was overridden by externalized configuration {dubbo.application.name=merchant-application, dubbo.application.qos-enable=false, dubbo.application.qos.port=22310, dubbo.config.multiple=true, dubbo.consumer.check=false, dubbo.consumer.retries=-1, dubbo.consumer.timeout=3000, dubbo.protocol.name=dubbo, dubbo.protocol.port=20891, dubbo.registry.address=nacos://127.0.0.1:8848, dubbo.scan.base-packages=cn.qifeng}
[${project.name}][${env:SERVER_PORT}] 2022‐07‐18 12:08:07,203 INFO [main][PostProcessorRegistrationDelegate.java:330]-Bean 'org.springframework.cloud.autoconfigure.ConfigurationPropertiesRebinderAutoConfiguration' of type [org.springframework.cloud.autoconfigure.ConfigurationPropertiesRebinderAutoConfiguration$$EnhancerBySpringCGLIB$$eac646a1] is not eligible for getting processed by all BeanPostProcessors (for example: not eligible for auto-proxying)
[${project.name}][${env:SERVER_PORT}] 2022‐07‐18 12:08:07,304 INFO [pool-3-thread-1][AwaitingNonWebApplicationListener.java:140]- [Dubbo] Current Spring Boot Application is await...
[${project.name}][${env:SERVER_PORT}] 2022‐07‐18 12:08:07,609 INFO [main][OverrideDubboConfigApplicationListener.java:68]-Dubbo Config was overridden by externalized configuration {dubbo.application.name=merchant-application, dubbo.application.qos-enable=false, dubbo.application.qos.port=22310, dubbo.config.multiple=true, dubbo.consumer.check=false, dubbo.consumer.retries=-1, dubbo.consumer.timeout=3000, dubbo.protocol.name=dubbo, dubbo.protocol.port=20891, dubbo.registry.address=nacos://127.0.0.1:8848, dubbo.scan.base-packages=cn.qifeng}
[${project.name}][${env:SERVER_PORT}] 2022‐07‐18 12:08:07,978 INFO [main][NacosPropertySourceBuilder.java:87]-Loading nacos data, dataId: 'spring-boot-http.yaml', group: 'COMMON_GROUP'
[${project.name}][${env:SERVER_PORT}] 2022‐07‐18 12:08:07,981 ERROR [main][NacosPropertySourceBuilder.java:109]-parse data from Nacos error,dataId:spring-boot-http.yaml,data:#HTTP格式配置
spring:
  http:
    encoding:
      charset: UTF‐8
      force: true
      enabled: true
  messages:
    encoding: UTF‐8
     
#tomcat头信息(用户ip和访问协议)及访问路径配置
server:
  tomcat:
    remote_ip_header: x‐forwarded‐for
    protocol_header: x‐forwarded‐proto
  servlet:
    context‐path: /
  use‐forward‐headers: true
#服务监控与管理配置，运维相关
management:
  endpoints:
    web:
      exposure:
        include: refresh,health,info,env,
while scanning a simple key
 in 'reader', line 5, column 1:
          charset: UTF‐8
    ^
could not find expected ':'
 in 'reader', line 6, column 1:
          force: true
    ^

	at org.yaml.snakeyaml.scanner.ScannerImpl.stalePossibleSimpleKeys(ScannerImpl.java:464)
	at org.yaml.snakeyaml.scanner.ScannerImpl.needMoreTokens(ScannerImpl.java:278)
	at org.yaml.snakeyaml.scanner.ScannerImpl.checkToken(ScannerImpl.java:226)
	at org.yaml.snakeyaml.parser.ParserImpl$ParseBlockMappingValue.produce(ParserImpl.java:586)
	at org.yaml.snakeyaml.parser.ParserImpl.peekEvent(ParserImpl.java:158)
	at org.yaml.snakeyaml.parser.ParserImpl.checkEvent(ParserImpl.java:148)
	at org.yaml.snakeyaml.composer.Composer.composeNode(Composer.java:124)
	at org.yaml.snakeyaml.composer.Composer.composeValueNode(Composer.java:236)
	at org.yaml.snakeyaml.composer.Composer.composeMappingChildren(Composer.java:227)
	at org.yaml.snakeyaml.composer.Composer.composeMappingNode(Composer.java:215)
	at org.yaml.snakeyaml.composer.Composer.composeNode(Composer.java:144)
	at org.yaml.snakeyaml.composer.Composer.getNode(Composer.java:85)
	at org.yaml.snakeyaml.constructor.BaseConstructor.getData(BaseConstructor.java:123)
	at org.yaml.snakeyaml.Yaml$1.next(Yaml.java:547)
	at org.springframework.beans.factory.config.YamlProcessor.process(YamlProcessor.java:161)
	at org.springframework.beans.factory.config.YamlProcessor.process(YamlProcessor.java:134)
	at org.springframework.beans.factory.config.YamlPropertiesFactoryBean.createProperties(YamlPropertiesFactoryBean.java:135)
	at org.springframework.beans.factory.config.YamlPropertiesFactoryBean.getObject(YamlPropertiesFactoryBean.java:115)
	at com.alibaba.cloud.nacos.client.NacosPropertySourceBuilder.loadNacosData(NacosPropertySourceBuilder.java:100)
	at com.alibaba.cloud.nacos.client.NacosPropertySourceBuilder.build(NacosPropertySourceBuilder.java:75)
	at com.alibaba.cloud.nacos.client.NacosPropertySourceLocator.loadNacosDataIfPresent(NacosPropertySourceLocator.java:179)
	at com.alibaba.cloud.nacos.client.NacosPropertySourceLocator.loadExtConfiguration(NacosPropertySourceLocator.java:129)
	at com.alibaba.cloud.nacos.client.NacosPropertySourceLocator.locate(NacosPropertySourceLocator.java:87)
	at org.springframework.cloud.bootstrap.config.PropertySourceBootstrapConfiguration.initialize(PropertySourceBootstrapConfiguration.java:94)
	at org.springframework.boot.SpringApplication.applyInitializers(SpringApplication.java:649)
	at org.springframework.boot.SpringApplication.prepareContext(SpringApplication.java:373)
	at org.springframework.boot.SpringApplication.run(SpringApplication.java:314)
	at org.springframework.boot.test.context.SpringBootContextLoader.loadContext(SpringBootContextLoader.java:127)
	at org.springframework.test.context.cache.DefaultCacheAwareContextLoaderDelegate.loadContextInternal(DefaultCacheAwareContextLoaderDelegate.java:99)
	at org.springframework.test.context.cache.DefaultCacheAwareContextLoaderDelegate.loadContext(DefaultCacheAwareContextLoaderDelegate.java:117)
	at org.springframework.test.context.support.DefaultTestContext.getApplicationContext(DefaultTestContext.java:108)
	at org.springframework.test.context.web.ServletTestExecutionListener.setUpRequestContextIfNecessary(ServletTestExecutionListener.java:190)
	at org.springframework.test.context.web.ServletTestExecutionListener.prepareTestInstance(ServletTestExecutionListener.java:132)
	at org.springframework.test.context.TestContextManager.prepareTestInstance(TestContextManager.java:246)
	at org.springframework.test.context.junit4.SpringJUnit4ClassRunner.createTest(SpringJUnit4ClassRunner.java:227)
	at org.springframework.test.context.junit4.SpringJUnit4ClassRunner$1.runReflectiveCall(SpringJUnit4ClassRunner.java:289)
	at org.junit.internal.runners.model.ReflectiveCallable.run(ReflectiveCallable.java:12)
	at org.springframework.test.context.junit4.SpringJUnit4ClassRunner.methodBlock(SpringJUnit4ClassRunner.java:291)
	at org.springframework.test.context.junit4.SpringJUnit4ClassRunner.runChild(SpringJUnit4ClassRunner.java:246)
	at org.springframework.test.context.junit4.SpringJUnit4ClassRunner.runChild(SpringJUnit4ClassRunner.java:97)
	at org.junit.runners.ParentRunner$3.run(ParentRunner.java:290)
	at org.junit.runners.ParentRunner$1.schedule(ParentRunner.java:71)
	at org.junit.runners.ParentRunner.runChildren(ParentRunner.java:288)
	at org.junit.runners.ParentRunner.access$000(ParentRunner.java:58)
	at org.junit.runners.ParentRunner$2.evaluate(ParentRunner.java:268)
	at org.springframework.test.context.junit4.statements.RunBeforeTestClassCallbacks.evaluate(RunBeforeTestClassCallbacks.java:61)
	at org.springframework.test.context.junit4.statements.RunAfterTestClassCallbacks.evaluate(RunAfterTestClassCallbacks.java:70)
	at org.junit.runners.ParentRunner.run(ParentRunner.java:363)
	at org.springframework.test.context.junit4.SpringJUnit4ClassRunner.run(SpringJUnit4ClassRunner.java:190)
	at org.junit.runner.JUnitCore.run(JUnitCore.java:137)
	at com.intellij.junit4.JUnit4IdeaTestRunner.startRunnerWithArgs(JUnit4IdeaTestRunner.java:68)
	at com.intellij.rt.execution.junit.IdeaTestRunner$Repeater.startRunnerWithArgs(IdeaTestRunner.java:47)
	at com.intellij.rt.execution.junit.JUnitStarter.prepareStreamsAndStart(JUnitStarter.java:242)
	at com.intellij.rt.execution.junit.JUnitStarter.main(JUnitStarter.java:70)
[${project.name}][${env:SERVER_PORT}] 2022‐07‐18 12:08:07,991 INFO [main][NacosPropertySourceBuilder.java:87]-Loading nacos data, dataId: 'merchant-application.yaml', group: 'QIFENGPAY_GROUP'
[${project.name}][${env:SERVER_PORT}] 2022‐07‐18 12:08:07,992 INFO [main][PropertySourceBootstrapConfiguration.java:98]-Located property source: CompositePropertySource {name='NACOS', propertySources=[NacosPropertySource {name='merchant-application.yaml'}, NacosPropertySource {name='spring-boot-http.yaml'}]}
[${project.name}][${env:SERVER_PORT}] 2022‐07‐18 12:08:08,022 INFO [main][SpringApplication.java:675]-No active profile set, falling back to default profiles: default
[${project.name}][${env:SERVER_PORT}] 2022‐07‐18 12:08:09,036 WARN [main][EndpointId.java:135]-Endpoint ID 'nacos-config' contains invalid characters, please migrate to a valid format.
[${project.name}][${env:SERVER_PORT}] 2022‐07‐18 12:08:09,039 WARN [main][EndpointId.java:135]-Endpoint ID 'nacos-discovery' contains invalid characters, please migrate to a valid format.
[${project.name}][${env:SERVER_PORT}] 2022‐07‐18 12:08:09,051 INFO [main][DubboConfigBindingRegistrar.java:127]-The dubbo config bean definition [name : org.apache.dubbo.config.ApplicationConfig#0, class : org.apache.dubbo.config.ApplicationConfig] has been registered.
[${project.name}][${env:SERVER_PORT}] 2022‐07‐18 12:08:09,052 INFO [main][DubboConfigBindingRegistrar.java:151]-The BeanPostProcessor bean definition [org.apache.dubbo.config.spring.beans.factory.annotation.DubboConfigBindingBeanPostProcessor] for dubbo config bean [name : org.apache.dubbo.config.ApplicationConfig#0] has been registered.
[${project.name}][${env:SERVER_PORT}] 2022‐07‐18 12:08:09,053 INFO [main][DubboConfigBindingRegistrar.java:127]-The dubbo config bean definition [name : org.apache.dubbo.config.RegistryConfig#0, class : org.apache.dubbo.config.RegistryConfig] has been registered.
[${project.name}][${env:SERVER_PORT}] 2022‐07‐18 12:08:09,053 INFO [main][DubboConfigBindingRegistrar.java:151]-The BeanPostProcessor bean definition [org.apache.dubbo.config.spring.beans.factory.annotation.DubboConfigBindingBeanPostProcessor] for dubbo config bean [name : org.apache.dubbo.config.RegistryConfig#0] has been registered.
[${project.name}][${env:SERVER_PORT}] 2022‐07‐18 12:08:09,053 INFO [main][DubboConfigBindingRegistrar.java:127]-The dubbo config bean definition [name : org.apache.dubbo.config.ProtocolConfig#0, class : org.apache.dubbo.config.ProtocolConfig] has been registered.
[${project.name}][${env:SERVER_PORT}] 2022‐07‐18 12:08:09,053 INFO [main][DubboConfigBindingRegistrar.java:151]-The BeanPostProcessor bean definition [org.apache.dubbo.config.spring.beans.factory.annotation.DubboConfigBindingBeanPostProcessor] for dubbo config bean [name : org.apache.dubbo.config.ProtocolConfig#0] has been registered.
[${project.name}][${env:SERVER_PORT}] 2022‐07‐18 12:08:09,054 INFO [main][DubboConfigBindingRegistrar.java:127]-The dubbo config bean definition [name : org.apache.dubbo.config.ConsumerConfig#0, class : org.apache.dubbo.config.ConsumerConfig] has been registered.
[${project.name}][${env:SERVER_PORT}] 2022‐07‐18 12:08:09,054 INFO [main][DubboConfigBindingRegistrar.java:151]-The BeanPostProcessor bean definition [org.apache.dubbo.config.spring.beans.factory.annotation.DubboConfigBindingBeanPostProcessor] for dubbo config bean [name : org.apache.dubbo.config.ConsumerConfig#0] has been registered.
[${project.name}][${env:SERVER_PORT}] 2022‐07‐18 12:08:09,275 WARN [main][EndpointId.java:135]-Endpoint ID 'service-registry' contains invalid characters, please migrate to a valid format.
[${project.name}][${env:SERVER_PORT}] 2022‐07‐18 12:08:09,372 INFO [main][ServiceAnnotationBeanPostProcessor.java:204]- [DUBBO] BeanNameGenerator bean can't be found in BeanFactory with name [org.springframework.context.annotation.internalConfigurationBeanNameGenerator], dubbo version: 2.7.3, current host: 192.168.81.1
[${project.name}][${env:SERVER_PORT}] 2022‐07‐18 12:08:09,373 INFO [main][ServiceAnnotationBeanPostProcessor.java:206]- [DUBBO] BeanNameGenerator will be a instance of org.springframework.context.annotation.AnnotationBeanNameGenerator , it maybe a potential problem on bean name generation., dubbo version: 2.7.3, current host: 192.168.81.1
[${project.name}][${env:SERVER_PORT}] 2022‐07‐18 12:08:09,393 WARN [main][ServiceAnnotationBeanPostProcessor.java:169]- [DUBBO] No Spring Bean annotating Dubbo's @Service was found under package[cn.qifeng], dubbo version: 2.7.3, current host: 192.168.81.1
[${project.name}][${env:SERVER_PORT}] 2022‐07‐18 12:08:09,396 INFO [main][ConfigurationClassPostProcessor.java:380]-Cannot enhance @Configuration bean definition 'org.apache.dubbo.spring.boot.autoconfigure.DubboRelaxedBinding2AutoConfiguration' since its singleton instance has been created too early. The typical cause is a non-static @Bean method with a BeanDefinitionRegistryPostProcessor return type: Consider declaring such methods as 'static'.
[${project.name}][${env:SERVER_PORT}] 2022‐07‐18 12:08:09,397 INFO [main][ConfigurationClassPostProcessor.java:380]-Cannot enhance @Configuration bean definition 'org.apache.dubbo.spring.boot.autoconfigure.DubboAutoConfiguration' since its singleton instance has been created too early. The typical cause is a non-static @Bean method with a BeanDefinitionRegistryPostProcessor return type: Consider declaring such methods as 'static'.
[${project.name}][${env:SERVER_PORT}] 2022‐07‐18 12:08:09,569 INFO [main][GenericScope.java:294]-BeanFactory id=1276efbf-1306-3825-8334-ec1ce713d916
[${project.name}][${env:SERVER_PORT}] 2022‐07‐18 12:08:09,863 INFO [main][PostProcessorRegistrationDelegate.java:330]-Bean 'com.alibaba.cloud.dubbo.autoconfigure.DubboOpenFeignAutoConfiguration' of type [com.alibaba.cloud.dubbo.autoconfigure.DubboOpenFeignAutoConfiguration$$EnhancerBySpringCGLIB$$526d92a8] is not eligible for getting processed by all BeanPostProcessors (for example: not eligible for auto-proxying)
[${project.name}][${env:SERVER_PORT}] 2022‐07‐18 12:08:09,883 INFO [main][PostProcessorRegistrationDelegate.java:330]-Bean 'dubbo.cloud-com.alibaba.cloud.dubbo.env.DubboCloudProperties' of type [com.alibaba.cloud.dubbo.env.DubboCloudProperties] is not eligible for getting processed by all BeanPostProcessors (for example: not eligible for auto-proxying)
[${project.name}][${env:SERVER_PORT}] 2022‐07‐18 12:08:09,902 INFO [main][PostProcessorRegistrationDelegate.java:330]-Bean 'metadataJsonResolver' of type [com.alibaba.cloud.dubbo.metadata.resolver.DubboServiceBeanMetadataResolver] is not eligible for getting processed by all BeanPostProcessors (for example: not eligible for auto-proxying)
[${project.name}][${env:SERVER_PORT}] 2022‐07‐18 12:08:09,914 INFO [main][PostProcessorRegistrationDelegate.java:330]-Bean 'org.apache.dubbo.config.ApplicationConfig#0' of type [org.apache.dubbo.config.ApplicationConfig] is not eligible for getting processed by all BeanPostProcessors (for example: not eligible for auto-proxying)
[${project.name}][${env:SERVER_PORT}] 2022‐07‐18 12:08:09,922 INFO [main][PostProcessorRegistrationDelegate.java:330]-Bean 'dubboProtocolConfigSupplier' of type [com.alibaba.cloud.dubbo.metadata.DubboProtocolConfigSupplier] is not eligible for getting processed by all BeanPostProcessors (for example: not eligible for auto-proxying)
[${project.name}][${env:SERVER_PORT}] 2022‐07‐18 12:08:09,924 INFO [main][PostProcessorRegistrationDelegate.java:330]-Bean 'com.alibaba.cloud.dubbo.service.DubboMetadataServiceExporter' of type [com.alibaba.cloud.dubbo.service.DubboMetadataServiceExporter] is not eligible for getting processed by all BeanPostProcessors (for example: not eligible for auto-proxying)
[${project.name}][${env:SERVER_PORT}] 2022‐07‐18 12:08:09,924 INFO [main][PostProcessorRegistrationDelegate.java:330]-Bean 'com.alibaba.cloud.dubbo.autoconfigure.DubboMetadataAutoConfiguration' of type [com.alibaba.cloud.dubbo.autoconfigure.DubboMetadataAutoConfiguration$$EnhancerBySpringCGLIB$$c4ad2f22] is not eligible for getting processed by all BeanPostProcessors (for example: not eligible for auto-proxying)
[${project.name}][${env:SERVER_PORT}] 2022‐07‐18 12:08:09,930 INFO [main][PostProcessorRegistrationDelegate.java:330]-Bean 'com.alibaba.cloud.dubbo.autoconfigure.DubboServiceAutoConfiguration' of type [com.alibaba.cloud.dubbo.autoconfigure.DubboServiceAutoConfiguration$$EnhancerBySpringCGLIB$$5757377a] is not eligible for getting processed by all BeanPostProcessors (for example: not eligible for auto-proxying)
[${project.name}][${env:SERVER_PORT}] 2022‐07‐18 12:08:09,937 INFO [main][PostProcessorRegistrationDelegate.java:330]-Bean 'dubboGenericServiceFactory' of type [com.alibaba.cloud.dubbo.service.DubboGenericServiceFactory] is not eligible for getting processed by all BeanPostProcessors (for example: not eligible for auto-proxying)
[${project.name}][${env:SERVER_PORT}] 2022‐07‐18 12:08:09,941 INFO [main][PostProcessorRegistrationDelegate.java:330]-Bean 'dubboMetadataConfigServiceProxy' of type [com.alibaba.cloud.dubbo.service.DubboMetadataServiceProxy] is not eligible for getting processed by all BeanPostProcessors (for example: not eligible for auto-proxying)
[${project.name}][${env:SERVER_PORT}] 2022‐07‐18 12:08:09,947 INFO [main][PostProcessorRegistrationDelegate.java:330]-Bean 'org.springframework.cloud.client.discovery.composite.CompositeDiscoveryClientAutoConfiguration' of type [org.springframework.cloud.client.discovery.composite.CompositeDiscoveryClientAutoConfiguration$$EnhancerBySpringCGLIB$$179c7134] is not eligible for getting processed by all BeanPostProcessors (for example: not eligible for auto-proxying)
[${project.name}][${env:SERVER_PORT}] 2022‐07‐18 12:08:09,955 INFO [main][PostProcessorRegistrationDelegate.java:330]-Bean 'com.alibaba.cloud.nacos.discovery.NacosDiscoveryClientAutoConfiguration' of type [com.alibaba.cloud.nacos.discovery.NacosDiscoveryClientAutoConfiguration$$EnhancerBySpringCGLIB$$b6779f9] is not eligible for getting processed by all BeanPostProcessors (for example: not eligible for auto-proxying)
[${project.name}][${env:SERVER_PORT}] 2022‐07‐18 12:08:09,970 INFO [main][PostProcessorRegistrationDelegate.java:330]-Bean 'org.springframework.cloud.commons.util.UtilAutoConfiguration' of type [org.springframework.cloud.commons.util.UtilAutoConfiguration$$EnhancerBySpringCGLIB$$965a0d28] is not eligible for getting processed by all BeanPostProcessors (for example: not eligible for auto-proxying)
[${project.name}][${env:SERVER_PORT}] 2022‐07‐18 12:08:09,977 INFO [main][PostProcessorRegistrationDelegate.java:330]-Bean 'inetUtilsProperties' of type [org.springframework.cloud.commons.util.InetUtilsProperties] is not eligible for getting processed by all BeanPostProcessors (for example: not eligible for auto-proxying)
[${project.name}][${env:SERVER_PORT}] 2022‐07‐18 12:08:09,980 INFO [main][PostProcessorRegistrationDelegate.java:330]-Bean 'inetUtils' of type [org.springframework.cloud.commons.util.InetUtils] is not eligible for getting processed by all BeanPostProcessors (for example: not eligible for auto-proxying)
[${project.name}][${env:SERVER_PORT}] 2022‐07‐18 12:08:10,239 INFO [main][PostProcessorRegistrationDelegate.java:330]-Bean 'nacosProperties' of type [com.alibaba.cloud.nacos.NacosDiscoveryProperties] is not eligible for getting processed by all BeanPostProcessors (for example: not eligible for auto-proxying)
[${project.name}][${env:SERVER_PORT}] 2022‐07‐18 12:08:10,244 INFO [main][PostProcessorRegistrationDelegate.java:330]-Bean 'nacosDiscoveryClient' of type [com.alibaba.cloud.nacos.discovery.NacosDiscoveryClient] is not eligible for getting processed by all BeanPostProcessors (for example: not eligible for auto-proxying)
[${project.name}][${env:SERVER_PORT}] 2022‐07‐18 12:08:10,263 INFO [main][PostProcessorRegistrationDelegate.java:330]-Bean 'server-org.springframework.boot.autoconfigure.web.ServerProperties' of type [org.springframework.boot.autoconfigure.web.ServerProperties] is not eligible for getting processed by all BeanPostProcessors (for example: not eligible for auto-proxying)
[${project.name}][${env:SERVER_PORT}] 2022‐07‐18 12:08:10,266 INFO [main][PostProcessorRegistrationDelegate.java:330]-Bean 'org.springframework.cloud.client.discovery.simple.SimpleDiscoveryClientAutoConfiguration' of type [org.springframework.cloud.client.discovery.simple.SimpleDiscoveryClientAutoConfiguration$$EnhancerBySpringCGLIB$$e3cb0a02] is not eligible for getting processed by all BeanPostProcessors (for example: not eligible for auto-proxying)
[${project.name}][${env:SERVER_PORT}] 2022‐07‐18 12:08:10,528 INFO [main][PostProcessorRegistrationDelegate.java:330]-Bean 'simpleDiscoveryProperties' of type [org.springframework.cloud.client.discovery.simple.SimpleDiscoveryProperties] is not eligible for getting processed by all BeanPostProcessors (for example: not eligible for auto-proxying)
[${project.name}][${env:SERVER_PORT}] 2022‐07‐18 12:08:10,531 INFO [main][PostProcessorRegistrationDelegate.java:330]-Bean 'simpleDiscoveryClient' of type [org.springframework.cloud.client.discovery.simple.SimpleDiscoveryClient] is not eligible for getting processed by all BeanPostProcessors (for example: not eligible for auto-proxying)
[${project.name}][${env:SERVER_PORT}] 2022‐07‐18 12:08:10,538 INFO [main][PostProcessorRegistrationDelegate.java:330]-Bean 'compositeDiscoveryClient' of type [org.springframework.cloud.client.discovery.composite.CompositeDiscoveryClient] is not eligible for getting processed by all BeanPostProcessors (for example: not eligible for auto-proxying)
[${project.name}][${env:SERVER_PORT}] 2022‐07‐18 12:08:10,542 INFO [main][PostProcessorRegistrationDelegate.java:330]-Bean 'com.alibaba.cloud.dubbo.util.JSONUtils' of type [com.alibaba.cloud.dubbo.util.JSONUtils] is not eligible for getting processed by all BeanPostProcessors (for example: not eligible for auto-proxying)
[${project.name}][${env:SERVER_PORT}] 2022‐07‐18 12:08:10,662 WARN [main][DubboServiceMetadataRepository.java:216]-Current application will subscribe all services(size:2) in registry, a lot of memory and CPU cycles may be used, thus it's strongly recommend you using the externalized property 'dubbo.cloud.subscribed-services' to specify the services
[${project.name}][${env:SERVER_PORT}] 2022‐07‐18 12:08:10,663 INFO [main][PostProcessorRegistrationDelegate.java:330]-Bean 'com.alibaba.cloud.dubbo.metadata.repository.DubboServiceMetadataRepository' of type [com.alibaba.cloud.dubbo.metadata.repository.DubboServiceMetadataRepository] is not eligible for getting processed by all BeanPostProcessors (for example: not eligible for auto-proxying)
[${project.name}][${env:SERVER_PORT}] 2022‐07‐18 12:08:10,679 INFO [main][PostProcessorRegistrationDelegate.java:330]-Bean 'com.alibaba.cloud.dubbo.service.parameter.RequestParamServiceParameterResolver' of type [com.alibaba.cloud.dubbo.service.parameter.RequestParamServiceParameterResolver] is not eligible for getting processed by all BeanPostProcessors (for example: not eligible for auto-proxying)
[${project.name}][${env:SERVER_PORT}] 2022‐07‐18 12:08:10,699 INFO [main][PostProcessorRegistrationDelegate.java:330]-Bean 'spring.http-org.springframework.boot.autoconfigure.http.HttpProperties' of type [org.springframework.boot.autoconfigure.http.HttpProperties] is not eligible for getting processed by all BeanPostProcessors (for example: not eligible for auto-proxying)
[${project.name}][${env:SERVER_PORT}] 2022‐07‐18 12:08:10,705 INFO [main][PostProcessorRegistrationDelegate.java:330]-Bean 'org.springframework.boot.autoconfigure.http.HttpMessageConvertersAutoConfiguration$StringHttpMessageConverterConfiguration' of type [org.springframework.boot.autoconfigure.http.HttpMessageConvertersAutoConfiguration$StringHttpMessageConverterConfiguration$$EnhancerBySpringCGLIB$$1bedd5d8] is not eligible for getting processed by all BeanPostProcessors (for example: not eligible for auto-proxying)
[${project.name}][${env:SERVER_PORT}] 2022‐07‐18 12:08:10,714 INFO [main][PostProcessorRegistrationDelegate.java:330]-Bean 'stringHttpMessageConverter' of type [org.springframework.http.converter.StringHttpMessageConverter] is not eligible for getting processed by all BeanPostProcessors (for example: not eligible for auto-proxying)
[${project.name}][${env:SERVER_PORT}] 2022‐07‐18 12:08:10,721 INFO [main][PostProcessorRegistrationDelegate.java:330]-Bean 'org.springframework.boot.autoconfigure.http.JacksonHttpMessageConvertersConfiguration$MappingJackson2HttpMessageConverterConfiguration' of type [org.springframework.boot.autoconfigure.http.JacksonHttpMessageConvertersConfiguration$MappingJackson2HttpMessageConverterConfiguration$$EnhancerBySpringCGLIB$$55c3d1d8] is not eligible for getting processed by all BeanPostProcessors (for example: not eligible for auto-proxying)
[${project.name}][${env:SERVER_PORT}] 2022‐07‐18 12:08:10,727 INFO [main][PostProcessorRegistrationDelegate.java:330]-Bean 'org.springframework.boot.autoconfigure.jackson.JacksonAutoConfiguration$JacksonObjectMapperConfiguration' of type [org.springframework.boot.autoconfigure.jackson.JacksonAutoConfiguration$JacksonObjectMapperConfiguration$$EnhancerBySpringCGLIB$$2a3fc335] is not eligible for getting processed by all BeanPostProcessors (for example: not eligible for auto-proxying)
[${project.name}][${env:SERVER_PORT}] 2022‐07‐18 12:08:10,735 INFO [main][PostProcessorRegistrationDelegate.java:330]-Bean 'org.springframework.boot.autoconfigure.jackson.JacksonAutoConfiguration$JacksonObjectMapperBuilderConfiguration' of type [org.springframework.boot.autoconfigure.jackson.JacksonAutoConfiguration$JacksonObjectMapperBuilderConfiguration$$EnhancerBySpringCGLIB$$dc8c854e] is not eligible for getting processed by all BeanPostProcessors (for example: not eligible for auto-proxying)
[${project.name}][${env:SERVER_PORT}] 2022‐07‐18 12:08:10,742 INFO [main][PostProcessorRegistrationDelegate.java:330]-Bean 'org.springframework.boot.autoconfigure.jackson.JacksonAutoConfiguration$Jackson2ObjectMapperBuilderCustomizerConfiguration' of type [org.springframework.boot.autoconfigure.jackson.JacksonAutoConfiguration$Jackson2ObjectMapperBuilderCustomizerConfiguration$$EnhancerBySpringCGLIB$$97a36b3d] is not eligible for getting processed by all BeanPostProcessors (for example: not eligible for auto-proxying)
[${project.name}][${env:SERVER_PORT}] 2022‐07‐18 12:08:10,749 INFO [main][PostProcessorRegistrationDelegate.java:330]-Bean 'spring.jackson-org.springframework.boot.autoconfigure.jackson.JacksonProperties' of type [org.springframework.boot.autoconfigure.jackson.JacksonProperties] is not eligible for getting processed by all BeanPostProcessors (for example: not eligible for auto-proxying)
[${project.name}][${env:SERVER_PORT}] 2022‐07‐18 12:08:10,755 INFO [main][PostProcessorRegistrationDelegate.java:330]-Bean 'standardJacksonObjectMapperBuilderCustomizer' of type [org.springframework.boot.autoconfigure.jackson.JacksonAutoConfiguration$Jackson2ObjectMapperBuilderCustomizerConfiguration$StandardJackson2ObjectMapperBuilderCustomizer] is not eligible for getting processed by all BeanPostProcessors (for example: not eligible for auto-proxying)
[${project.name}][${env:SERVER_PORT}] 2022‐07‐18 12:08:10,764 INFO [main][PostProcessorRegistrationDelegate.java:330]-Bean 'org.springframework.boot.autoconfigure.jackson.JacksonAutoConfiguration$ParameterNamesModuleConfiguration' of type [org.springframework.boot.autoconfigure.jackson.JacksonAutoConfiguration$ParameterNamesModuleConfiguration$$EnhancerBySpringCGLIB$$be6ee26b] is not eligible for getting processed by all BeanPostProcessors (for example: not eligible for auto-proxying)
[${project.name}][${env:SERVER_PORT}] 2022‐07‐18 12:08:10,779 INFO [main][PostProcessorRegistrationDelegate.java:330]-Bean 'parameterNamesModule' of type [com.fasterxml.jackson.module.paramnames.ParameterNamesModule] is not eligible for getting processed by all BeanPostProcessors (for example: not eligible for auto-proxying)
[${project.name}][${env:SERVER_PORT}] 2022‐07‐18 12:08:10,786 INFO [main][PostProcessorRegistrationDelegate.java:330]-Bean 'org.springframework.boot.autoconfigure.jackson.JacksonAutoConfiguration' of type [org.springframework.boot.autoconfigure.jackson.JacksonAutoConfiguration$$EnhancerBySpringCGLIB$$c4b60c4] is not eligible for getting processed by all BeanPostProcessors (for example: not eligible for auto-proxying)
[${project.name}][${env:SERVER_PORT}] 2022‐07‐18 12:08:10,809 INFO [main][PostProcessorRegistrationDelegate.java:330]-Bean 'jsonComponentModule' of type [org.springframework.boot.jackson.JsonComponentModule] is not eligible for getting processed by all BeanPostProcessors (for example: not eligible for auto-proxying)
[${project.name}][${env:SERVER_PORT}] 2022‐07‐18 12:08:10,814 INFO [main][PostProcessorRegistrationDelegate.java:330]-Bean 'jacksonObjectMapperBuilder' of type [org.springframework.http.converter.json.Jackson2ObjectMapperBuilder] is not eligible for getting processed by all BeanPostProcessors (for example: not eligible for auto-proxying)
[${project.name}][${env:SERVER_PORT}] 2022‐07‐18 12:08:10,846 INFO [main][PostProcessorRegistrationDelegate.java:330]-Bean 'jacksonObjectMapper' of type [com.fasterxml.jackson.databind.ObjectMapper] is not eligible for getting processed by all BeanPostProcessors (for example: not eligible for auto-proxying)
[${project.name}][${env:SERVER_PORT}] 2022‐07‐18 12:08:10,860 INFO [main][PostProcessorRegistrationDelegate.java:330]-Bean 'mappingJackson2HttpMessageConverter' of type [org.springframework.http.converter.json.MappingJackson2HttpMessageConverter] is not eligible for getting processed by all BeanPostProcessors (for example: not eligible for auto-proxying)
[${project.name}][${env:SERVER_PORT}] 2022‐07‐18 12:08:10,867 INFO [main][PostProcessorRegistrationDelegate.java:330]-Bean 'org.springframework.boot.autoconfigure.http.HttpMessageConvertersAutoConfiguration' of type [org.springframework.boot.autoconfigure.http.HttpMessageConvertersAutoConfiguration$$EnhancerBySpringCGLIB$$e8e00f38] is not eligible for getting processed by all BeanPostProcessors (for example: not eligible for auto-proxying)
[${project.name}][${env:SERVER_PORT}] 2022‐07‐18 12:08:10,874 INFO [main][PostProcessorRegistrationDelegate.java:330]-Bean 'messageConverters' of type [org.springframework.boot.autoconfigure.http.HttpMessageConverters] is not eligible for getting processed by all BeanPostProcessors (for example: not eligible for auto-proxying)
[${project.name}][${env:SERVER_PORT}] 2022‐07‐18 12:08:10,878 INFO [main][PostProcessorRegistrationDelegate.java:330]-Bean 'com.alibaba.cloud.dubbo.service.parameter.RequestBodyServiceParameterResolver' of type [com.alibaba.cloud.dubbo.service.parameter.RequestBodyServiceParameterResolver] is not eligible for getting processed by all BeanPostProcessors (for example: not eligible for auto-proxying)
[${project.name}][${env:SERVER_PORT}] 2022‐07‐18 12:08:10,885 INFO [main][PostProcessorRegistrationDelegate.java:330]-Bean 'com.alibaba.cloud.dubbo.service.parameter.RequestHeaderServiceParameterResolver' of type [com.alibaba.cloud.dubbo.service.parameter.RequestHeaderServiceParameterResolver] is not eligible for getting processed by all BeanPostProcessors (for example: not eligible for auto-proxying)
[${project.name}][${env:SERVER_PORT}] 2022‐07‐18 12:08:10,892 INFO [main][PostProcessorRegistrationDelegate.java:330]-Bean 'com.alibaba.cloud.dubbo.service.parameter.PathVariableServiceParameterResolver' of type [com.alibaba.cloud.dubbo.service.parameter.PathVariableServiceParameterResolver] is not eligible for getting processed by all BeanPostProcessors (for example: not eligible for auto-proxying)
[${project.name}][${env:SERVER_PORT}] 2022‐07‐18 12:08:10,893 INFO [main][PostProcessorRegistrationDelegate.java:330]-Bean 'com.alibaba.cloud.dubbo.service.DubboGenericServiceExecutionContextFactory' of type [com.alibaba.cloud.dubbo.service.DubboGenericServiceExecutionContextFactory] is not eligible for getting processed by all BeanPostProcessors (for example: not eligible for auto-proxying)
[${project.name}][${env:SERVER_PORT}] 2022‐07‐18 12:08:10,913 INFO [main][PostProcessorRegistrationDelegate.java:330]-Bean 'relaxedDubboConfigBinder' of type [org.apache.dubbo.spring.boot.autoconfigure.BinderDubboConfigBinder] is not eligible for getting processed by all BeanPostProcessors (for example: not eligible for auto-proxying)
[${project.name}][${env:SERVER_PORT}] 2022‐07‐18 12:08:10,923 INFO [main][PostProcessorRegistrationDelegate.java:330]-Bean 'relaxedDubboConfigBinder' of type [org.apache.dubbo.spring.boot.autoconfigure.BinderDubboConfigBinder] is not eligible for getting processed by all BeanPostProcessors (for example: not eligible for auto-proxying)
[${project.name}][${env:SERVER_PORT}] 2022‐07‐18 12:08:10,926 INFO [main][PostProcessorRegistrationDelegate.java:330]-Bean 'relaxedDubboConfigBinder' of type [org.apache.dubbo.spring.boot.autoconfigure.BinderDubboConfigBinder] is not eligible for getting processed by all BeanPostProcessors (for example: not eligible for auto-proxying)
[${project.name}][${env:SERVER_PORT}] 2022‐07‐18 12:08:10,930 INFO [main][PostProcessorRegistrationDelegate.java:330]-Bean 'relaxedDubboConfigBinder' of type [org.apache.dubbo.spring.boot.autoconfigure.BinderDubboConfigBinder] is not eligible for getting processed by all BeanPostProcessors (for example: not eligible for auto-proxying)
[${project.name}][${env:SERVER_PORT}] 2022‐07‐18 12:08:10,943 INFO [main][PostProcessorRegistrationDelegate.java:330]-Bean 'org.springframework.cloud.autoconfigure.ConfigurationPropertiesRebinderAutoConfiguration' of type [org.springframework.cloud.autoconfigure.ConfigurationPropertiesRebinderAutoConfiguration$$EnhancerBySpringCGLIB$$eac646a1] is not eligible for getting processed by all BeanPostProcessors (for example: not eligible for auto-proxying)
[${project.name}][${env:SERVER_PORT}] 2022‐07‐18 12:08:11,228 INFO [main][DubboConfigBindingBeanPostProcessor.java:109]-The properties of bean [name : org.apache.dubbo.config.ConsumerConfig#0] have been binding by prefix of configuration properties : dubbo.consumer
[${project.name}][${env:SERVER_PORT}] 2022‐07‐18 12:08:11,253 INFO [main][DubboConfigBindingBeanPostProcessor.java:109]-The properties of bean [name : org.apache.dubbo.config.RegistryConfig#0] have been binding by prefix of configuration properties : dubbo.registry
[${project.name}][${env:SERVER_PORT}] 2022‐07‐18 12:08:11,261 INFO [main][AnnotatedInterfaceConfigBeanBuilder.java:84]-The configBean[type:ReferenceBean] has been built.
[${project.name}][${env:SERVER_PORT}] 2022‐07‐18 12:08:11,281 WARN [main][AbstractInterfaceConfig.java:265]- [DUBBO] There's no valid metadata config found, if you are using the simplified mode of registry url, please make sure you have a metadata address configured properly., dubbo version: 2.7.3, current host: 192.168.81.1
[${project.name}][${env:SERVER_PORT}] 2022‐07‐18 12:08:11,312 INFO [main][AbstractInterfaceConfig.java:237]- [DUBBO] There's no valid monitor config found, if you want to open monitor statistics for Dubbo, please make sure your monitor is configured properly., dubbo version: 2.7.3, current host: 192.168.81.1
[${project.name}][${env:SERVER_PORT}] 2022‐07‐18 12:08:11,313 INFO [main][AbstractInterfaceConfig.java:237]- [DUBBO] There's no valid monitor config found, if you want to open monitor statistics for Dubbo, please make sure your monitor is configured properly., dubbo version: 2.7.3, current host: 192.168.81.1
[${project.name}][${env:SERVER_PORT}] 2022‐07‐18 12:08:11,333 INFO [main][QosProtocolWrapper.java:89]- [DUBBO] qos won't be started because it is disabled. Please check dubbo.application.qos.enable is configured either in system property, dubbo.properties or XML/spring-boot configuration., dubbo version: 2.7.3, current host: 192.168.81.1
[${project.name}][${env:SERVER_PORT}] 2022‐07‐18 12:08:11,334 WARN [main][SpringExtensionFactory.java:86]- [DUBBO] No spring extension (bean) named:applicationContext, try to find an extension (bean) of type org.springframework.context.ConfigurableApplicationContext, dubbo version: 2.7.3, current host: 192.168.81.1
[${project.name}][${env:SERVER_PORT}] 2022‐07‐18 12:08:11,335 WARN [main][SpringExtensionFactory.java:104]- [DUBBO] No spring extension (bean) named:applicationContext, type:org.springframework.context.ConfigurableApplicationContext found, stop get bean., dubbo version: 2.7.3, current host: 192.168.81.1
[${project.name}][${env:SERVER_PORT}] 2022‐07‐18 12:08:11,371 INFO [main][AbstractRegistry.java:280]- [DUBBO] Register: consumer://192.168.81.1/cn.qifeng.merchant.api.MerchantService?application=merchant-application&category=consumers&check=false&dubbo=2.0.2&interface=cn.qifeng.merchant.api.MerchantService&lazy=false&methods=queryMerchantById&pid=80536&qos.enable=false&qos.port=22310&release=2.7.3&retries=-1&side=consumer&sticky=false&timeout=3000&timestamp=1658117291281, dubbo version: 2.7.3, current host: 192.168.81.1
[${project.name}][${env:SERVER_PORT}] 2022‐07‐18 12:08:11,379 INFO [main][AbstractRegistry.java:305]- [DUBBO] Subscribe: consumer://192.168.81.1/cn.qifeng.merchant.api.MerchantService?application=merchant-application&category=providers,configurators,routers&check=false&dubbo=2.0.2&interface=cn.qifeng.merchant.api.MerchantService&lazy=false&methods=queryMerchantById&pid=80536&qos.enable=false&qos.port=22310&release=2.7.3&retries=-1&side=consumer&sticky=false&timeout=3000&timestamp=1658117291281, dubbo version: 2.7.3, current host: 192.168.81.1
[${project.name}][${env:SERVER_PORT}] 2022‐07‐18 12:08:11,381 INFO [main][AbstractSpringCloudRegistry.java:213]-The Dubbo Service URL[ID : consumer://192.168.81.1/cn.qifeng.merchant.api.MerchantService] is being subscribed for service[name : merchant-service]
[${project.name}][${env:SERVER_PORT}] 2022‐07‐18 12:08:11,381 INFO [main][AbstractSpringCloudRegistry.java:223]-The metadata of Dubbo service[key : cn.qifeng.merchant.api.MerchantService] can't be found when the subscribed service[name : merchant-service], and then try to initialize it
[${project.name}][${env:SERVER_PORT}] 2022‐07‐18 12:08:11,381 INFO [main][DubboServiceMetadataRepository.java:280]-The metadata of Dubbo service[name : merchant-service] is about to be initialized
[${project.name}][${env:SERVER_PORT}] 2022‐07‐18 12:08:11,474 WARN [main][AbstractInterfaceConfig.java:265]- [DUBBO] There's no valid metadata config found, if you are using the simplified mode of registry url, please make sure you have a metadata address configured properly., dubbo version: 2.7.3, current host: 192.168.81.1
[${project.name}][${env:SERVER_PORT}] 2022‐07‐18 12:08:11,478 INFO [main][AbstractInterfaceConfig.java:237]- [DUBBO] There's no valid monitor config found, if you want to open monitor statistics for Dubbo, please make sure your monitor is configured properly., dubbo version: 2.7.3, current host: 192.168.81.1
[${project.name}][${env:SERVER_PORT}] 2022‐07‐18 12:08:11,479 INFO [main][AbstractInterfaceConfig.java:237]- [DUBBO] There's no valid monitor config found, if you want to open monitor statistics for Dubbo, please make sure your monitor is configured properly., dubbo version: 2.7.3, current host: 192.168.81.1
[${project.name}][${env:SERVER_PORT}] 2022‐07‐18 12:08:11,480 INFO [main][AbstractRegistry.java:280]- [DUBBO] Register: consumer://192.168.81.1/org.apache.dubbo.rpc.service.GenericService?application=merchant-application&category=consumers&check=false&dubbo=2.0.2&generic=true&group=merchant-service&interface=com.alibaba.cloud.dubbo.service.DubboMetadataService&lazy=false&pid=80536&qos.enable=false&qos.port=22310&release=2.7.3&retries=-1&side=consumer&sticky=false&timeout=3000&timestamp=1658117291475&version=1.0.0, dubbo version: 2.7.3, current host: 192.168.81.1
[${project.name}][${env:SERVER_PORT}] 2022‐07‐18 12:08:11,480 INFO [main][AbstractRegistry.java:305]- [DUBBO] Subscribe: consumer://192.168.81.1/org.apache.dubbo.rpc.service.GenericService?application=merchant-application&category=providers,configurators,routers&check=false&dubbo=2.0.2&generic=true&group=merchant-service&interface=com.alibaba.cloud.dubbo.service.DubboMetadataService&lazy=false&pid=80536&qos.enable=false&qos.port=22310&release=2.7.3&retries=-1&side=consumer&sticky=false&timeout=3000&timestamp=1658117291475&version=1.0.0, dubbo version: 2.7.3, current host: 192.168.81.1
[${project.name}][${env:SERVER_PORT}] 2022‐07‐18 12:08:12,114 INFO [main][AbstractClient.java:199]- [DUBBO] Succeed connect to server /192.168.81.1:20890 from NettyClient 192.168.81.1 using dubbo version 2.7.3, channel is NettyChannel [channel=[id: 0x89e927e6, L:/192.168.81.1:47438 - R:/192.168.81.1:20890]], dubbo version: 2.7.3, current host: 192.168.81.1
[${project.name}][${env:SERVER_PORT}] 2022‐07‐18 12:08:12,114 INFO [main][AbstractClient.java:71]- [DUBBO] Start NettyClient DESKTOP-3LITFFH/192.168.81.1 connect to the server /192.168.81.1:20890, dubbo version: 2.7.3, current host: 192.168.81.1
[${project.name}][${env:SERVER_PORT}] 2022‐07‐18 12:08:12,182 INFO [main][AbstractRegistry.java:212]- [DUBBO] Load registry cache file C:\Users\水果\.dubbo\dubbo-registry-merchant-application-127.0.0.1:8848.cache, data: {cn.qifeng.merchant.api.MerchantService=dubbo://192.168.81.1:20890/cn.qifeng.merchant.api.MerchantService?anyhost=true&application=merchant-service&bean.name=ServiceBean:cn.qifeng.merchant.api.MerchantService&category=providers&deprecated=false&dubbo=2.0.2&dynamic=true&generic=false&interface=cn.qifeng.merchant.api.MerchantService&methods=queryMerchantById&path=cn.qifeng.merchant.api.MerchantService&pid=70772&protocol=dubbo&register=true&release=2.7.3&side=provider&timestamp=1658111039851, merchant-service/com.alibaba.cloud.dubbo.service.DubboMetadataService:1.0.0=dubbo://192.168.81.1:20890/com.alibaba.cloud.dubbo.service.DubboMetadataService?anyhost=true&application=merchant-service&category=providers&deprecated=false&dubbo=2.0.2&dynamic=true&generic=false&group=merchant-service&interface=com.alibaba.cloud.dubbo.service.DubboMetadataService&methods=getAllServiceKeys,getServiceRestMetadata,getExportedURLs,getAllExportedURLs&path=com.alibaba.cloud.dubbo.service.DubboMetadataService&pid=70772&protocol=dubbo&register=true&release=2.7.3&revision=2.1.0.RELEASE&side=provider&timestamp=1658111040204&version=1.0.0}, dubbo version: 2.7.3, current host: 192.168.81.1
[${project.name}][${env:SERVER_PORT}] 2022‐07‐18 12:08:12,183 INFO [main][AbstractRegistry.java:280]- [DUBBO] Register: consumer://192.168.81.1/org.apache.dubbo.rpc.service.GenericService?application=merchant-application&category=consumers&check=false&dubbo=2.0.2&generic=true&group=merchant-service&interface=com.alibaba.cloud.dubbo.service.DubboMetadataService&lazy=false&pid=80536&qos.enable=false&qos.port=22310&release=2.7.3&retries=-1&side=consumer&sticky=false&timeout=3000&timestamp=1658117291475&version=1.0.0, dubbo version: 2.7.3, current host: 192.168.81.1
[${project.name}][${env:SERVER_PORT}] 2022‐07‐18 12:08:12,188 INFO [main][AbstractRegistry.java:305]- [DUBBO] Subscribe: consumer://192.168.81.1/org.apache.dubbo.rpc.service.GenericService?application=merchant-application&category=providers,configurators,routers&check=false&dubbo=2.0.2&generic=true&group=merchant-service&interface=com.alibaba.cloud.dubbo.service.DubboMetadataService&lazy=false&pid=80536&qos.enable=false&qos.port=22310&release=2.7.3&retries=-1&side=consumer&sticky=false&timeout=3000&timestamp=1658117291475&version=1.0.0, dubbo version: 2.7.3, current host: 192.168.81.1
[${project.name}][${env:SERVER_PORT}] 2022‐07‐18 12:08:12,195 INFO [main][AbstractRegistry.java:399]- [DUBBO] Notify urls for subscribe url consumer://192.168.81.1/org.apache.dubbo.rpc.service.GenericService?application=merchant-application&category=providers,configurators,routers&check=false&dubbo=2.0.2&generic=true&group=merchant-service&interface=com.alibaba.cloud.dubbo.service.DubboMetadataService&lazy=false&pid=80536&qos.enable=false&qos.port=22310&release=2.7.3&retries=-1&side=consumer&sticky=false&timeout=3000&timestamp=1658117291475&version=1.0.0, urls: [dubbo://192.168.81.1:20890/com.alibaba.cloud.dubbo.service.DubboMetadataService?anyhost=true&application=merchant-service&category=providers&deprecated=false&dubbo=2.0.2&dynamic=true&generic=false&group=merchant-service&interface=com.alibaba.cloud.dubbo.service.DubboMetadataService&methods=getAllServiceKeys,getServiceRestMetadata,getExportedURLs,getAllExportedURLs&path=com.alibaba.cloud.dubbo.service.DubboMetadataService&pid=70772&protocol=dubbo&register=true&release=2.7.3&revision=2.1.0.RELEASE&side=provider&timestamp=1658111040204&version=1.0.0], dubbo version: 2.7.3, current host: 192.168.81.1
[${project.name}][${env:SERVER_PORT}] 2022‐07‐18 12:08:12,199 INFO [com.alibaba.nacos.naming.client.listener][AbstractRegistry.java:399]- [DUBBO] Notify urls for subscribe url consumer://192.168.81.1/org.apache.dubbo.rpc.service.GenericService?application=merchant-application&category=providers,configurators,routers&check=false&dubbo=2.0.2&generic=true&group=merchant-service&interface=com.alibaba.cloud.dubbo.service.DubboMetadataService&lazy=false&pid=80536&qos.enable=false&qos.port=22310&release=2.7.3&retries=-1&side=consumer&sticky=false&timeout=3000&timestamp=1658117291475&version=1.0.0, urls: [dubbo://192.168.81.1:20890/com.alibaba.cloud.dubbo.service.DubboMetadataService?anyhost=true&application=merchant-service&category=providers&deprecated=false&dubbo=2.0.2&dynamic=true&generic=false&group=merchant-service&interface=com.alibaba.cloud.dubbo.service.DubboMetadataService&methods=getAllServiceKeys,getServiceRestMetadata,getExportedURLs,getAllExportedURLs&path=com.alibaba.cloud.dubbo.service.DubboMetadataService&pid=70772&protocol=dubbo&register=true&release=2.7.3&revision=2.1.0.RELEASE&side=provider&timestamp=1658111040204&version=1.0.0], dubbo version: 2.7.3, current host: 192.168.81.1
[${project.name}][${env:SERVER_PORT}] 2022‐07‐18 12:08:12,202 INFO [main][ReferenceConfig.java:421]- [DUBBO] Refer dubbo service org.apache.dubbo.rpc.service.GenericService from url registry://127.0.0.1:8848/org.apache.dubbo.registry.RegistryService?application=merchant-application&check=false&cluster=registryaware&dubbo=2.0.2&generic=true&group=merchant-service&interface=com.alibaba.cloud.dubbo.service.DubboMetadataService&lazy=false&pid=80536&qos.enable=false&qos.port=22310&refer=application%3Dmerchant-application%26check%3Dfalse%26dubbo%3D2.0.2%26generic%3Dtrue%26group%3Dmerchant-service%26interface%3Dcom.alibaba.cloud.dubbo.service.DubboMetadataService%26lazy%3Dfalse%26pid%3D80536%26qos.enable%3Dfalse%26qos.port%3D22310%26register.ip%3D192.168.81.1%26release%3D2.7.3%26retries%3D-1%26side%3Dconsumer%26sticky%3Dfalse%26timeout%3D3000%26timestamp%3D1658117291475%26version%3D1.0.0&register.ip=192.168.81.1&registry=nacos&release=2.7.3&retries=-1&side=consumer&sticky=false&timeout=3000&timestamp=1658117291475&version=1.0.0, dubbo version: 2.7.3, current host: 192.168.81.1
[${project.name}][${env:SERVER_PORT}] 2022‐07‐18 12:08:12,320 WARN [main][DubboServiceMetadataRepository.java:484]-The Spring application[name : merchant-service] does not expose The REST metadata in the Dubbo services.
[${project.name}][${env:SERVER_PORT}] 2022‐07‐18 12:08:12,325 INFO [main][AbstractRegistry.java:280]- [DUBBO] Register: consumer://192.168.81.1/cn.qifeng.merchant.api.MerchantService?application=merchant-application&category=consumers&check=false&dubbo=2.0.2&interface=cn.qifeng.merchant.api.MerchantService&lazy=false&methods=queryMerchantById&pid=80536&qos.enable=false&qos.port=22310&release=2.7.3&retries=-1&side=consumer&sticky=false&timeout=3000&timestamp=1658117291281, dubbo version: 2.7.3, current host: 192.168.81.1
[${project.name}][${env:SERVER_PORT}] 2022‐07‐18 12:08:12,328 INFO [main][AbstractRegistry.java:305]- [DUBBO] Subscribe: consumer://192.168.81.1/cn.qifeng.merchant.api.MerchantService?application=merchant-application&category=providers,configurators,routers&check=false&dubbo=2.0.2&interface=cn.qifeng.merchant.api.MerchantService&lazy=false&methods=queryMerchantById&pid=80536&qos.enable=false&qos.port=22310&release=2.7.3&retries=-1&side=consumer&sticky=false&timeout=3000&timestamp=1658117291281, dubbo version: 2.7.3, current host: 192.168.81.1
[${project.name}][${env:SERVER_PORT}] 2022‐07‐18 12:08:12,333 INFO [main][AbstractRegistry.java:399]- [DUBBO] Notify urls for subscribe url consumer://192.168.81.1/cn.qifeng.merchant.api.MerchantService?application=merchant-application&category=providers,configurators,routers&check=false&dubbo=2.0.2&interface=cn.qifeng.merchant.api.MerchantService&lazy=false&methods=queryMerchantById&pid=80536&qos.enable=false&qos.port=22310&release=2.7.3&retries=-1&side=consumer&sticky=false&timeout=3000&timestamp=1658117291281, urls: [dubbo://192.168.81.1:20890/cn.qifeng.merchant.api.MerchantService?anyhost=true&application=merchant-service&bean.name=ServiceBean:cn.qifeng.merchant.api.MerchantService&category=providers&deprecated=false&dubbo=2.0.2&dynamic=true&generic=false&interface=cn.qifeng.merchant.api.MerchantService&methods=queryMerchantById&path=cn.qifeng.merchant.api.MerchantService&pid=70772&protocol=dubbo&register=true&release=2.7.3&side=provider&timestamp=1658111039851], dubbo version: 2.7.3, current host: 192.168.81.1
[${project.name}][${env:SERVER_PORT}] 2022‐07‐18 12:08:12,334 INFO [main][ReferenceConfig.java:421]- [DUBBO] Refer dubbo service cn.qifeng.merchant.api.MerchantService from url registry://127.0.0.1:8848/org.apache.dubbo.registry.RegistryService?application=merchant-application&check=false&cluster=registryaware&dubbo=2.0.2&interface=cn.qifeng.merchant.api.MerchantService&lazy=false&methods=queryMerchantById&pid=80536&qos.enable=false&qos.port=22310&refer=application%3Dmerchant-application%26check%3Dfalse%26dubbo%3D2.0.2%26interface%3Dcn.qifeng.merchant.api.MerchantService%26lazy%3Dfalse%26methods%3DqueryMerchantById%26pid%3D80536%26qos.enable%3Dfalse%26qos.port%3D22310%26register.ip%3D192.168.81.1%26release%3D2.7.3%26retries%3D-1%26side%3Dconsumer%26sticky%3Dfalse%26timeout%3D3000%26timestamp%3D1658117291281&register.ip=192.168.81.1&registry=nacos&release=2.7.3&retries=-1&side=consumer&sticky=false&timeout=3000&timestamp=1658117291281, dubbo version: 2.7.3, current host: 192.168.81.1
[${project.name}][${env:SERVER_PORT}] 2022‐07‐18 12:08:12,336 INFO [com.alibaba.nacos.naming.client.listener][AbstractRegistry.java:399]- [DUBBO] Notify urls for subscribe url consumer://192.168.81.1/cn.qifeng.merchant.api.MerchantService?application=merchant-application&category=providers,configurators,routers&check=false&dubbo=2.0.2&interface=cn.qifeng.merchant.api.MerchantService&lazy=false&methods=queryMerchantById&pid=80536&qos.enable=false&qos.port=22310&release=2.7.3&retries=-1&side=consumer&sticky=false&timeout=3000&timestamp=1658117291281, urls: [dubbo://192.168.81.1:20890/cn.qifeng.merchant.api.MerchantService?anyhost=true&application=merchant-service&bean.name=ServiceBean:cn.qifeng.merchant.api.MerchantService&category=providers&deprecated=false&dubbo=2.0.2&dynamic=true&generic=false&interface=cn.qifeng.merchant.api.MerchantService&methods=queryMerchantById&path=cn.qifeng.merchant.api.MerchantService&pid=70772&protocol=dubbo&register=true&release=2.7.3&side=provider&timestamp=1658111039851], dubbo version: 2.7.3, current host: 192.168.81.1
[${project.name}][${env:SERVER_PORT}] 2022‐07‐18 12:08:13,816 INFO [main][EndpointLinksResolver.java:59]-Exposing 2 endpoint(s) beneath base path '/actuator'
[${project.name}][${env:SERVER_PORT}] 2022‐07‐18 12:08:14,074 INFO [main][PropertySourcedRequestMappingHandlerMapping.java:69]-Mapped URL path [/v2/api-docs] onto method [public org.springframework.http.ResponseEntity<springfox.documentation.spring.web.json.Json> springfox.documentation.swagger2.web.Swagger2Controller.getDocumentation(java.lang.String,javax.servlet.http.HttpServletRequest)]
[${project.name}][${env:SERVER_PORT}] 2022‐07‐18 12:08:14,992 WARN [main][URLConfigurationSource.java:121]-No URLs will be polled as dynamic configuration sources.
[${project.name}][${env:SERVER_PORT}] 2022‐07‐18 12:08:14,992 INFO [main][URLConfigurationSource.java:122]-To enable URLs as dynamic configuration sources, define System property archaius.configurationSource.additionalUrls or make config.properties available on classpath.
[${project.name}][${env:SERVER_PORT}] 2022‐07‐18 12:08:15,005 WARN [main][URLConfigurationSource.java:121]-No URLs will be polled as dynamic configuration sources.
[${project.name}][${env:SERVER_PORT}] 2022‐07‐18 12:08:15,005 INFO [main][URLConfigurationSource.java:122]-To enable URLs as dynamic configuration sources, define System property archaius.configurationSource.additionalUrls or make config.properties available on classpath.
[${project.name}][${env:SERVER_PORT}] 2022‐07‐18 12:08:15,279 INFO [main][ExecutorConfigurationSupport.java:171]-Initializing ExecutorService 'applicationTaskExecutor'
[${project.name}][${env:SERVER_PORT}] 2022‐07‐18 12:08:15,965 INFO [main][ExecutorConfigurationSupport.java:171]-Initializing ExecutorService
[${project.name}][${env:SERVER_PORT}] 2022‐07‐18 12:08:15,994 INFO [main][DubboConfigBindingBeanPostProcessor.java:109]-The properties of bean [name : org.apache.dubbo.config.ProtocolConfig#0] have been binding by prefix of configuration properties : dubbo.protocol
[${project.name}][${env:SERVER_PORT}] 2022‐07‐18 12:08:16,524 INFO [main][DubboServiceMetadataRepository.java:262]-The metadata of Dubbo services has been initialized
[${project.name}][${env:SERVER_PORT}] 2022‐07‐18 12:08:16,545 INFO [main][DocumentationPluginsBootstrapper.java:160]-Context refreshed
[${project.name}][${env:SERVER_PORT}] 2022‐07‐18 12:08:16,548 WARN [ThreadPoolTaskScheduler-1][DubboServiceMetadataRepository.java:216]-Current application will subscribe all services(size:2) in registry, a lot of memory and CPU cycles may be used, thus it's strongly recommend you using the externalized property 'dubbo.cloud.subscribed-services' to specify the services
[${project.name}][${env:SERVER_PORT}] 2022‐07‐18 12:08:16,550 INFO [com.alibaba.nacos.naming.client.listener][DubboServiceDiscoveryAutoConfiguration.java:157]-The event of the service instances[name : merchant-service , size : 1] change is about to be dispatched
[${project.name}][${env:SERVER_PORT}] 2022‐07‐18 12:08:16,551 INFO [com.alibaba.nacos.naming.client.listener][AbstractSpringCloudRegistry.java:213]-The Dubbo Service URL[ID : consumer://192.168.81.1/cn.qifeng.merchant.api.MerchantService] is being subscribed for service[name : merchant-service]
[${project.name}][${env:SERVER_PORT}] 2022‐07‐18 12:08:16,574 INFO [main][DocumentationPluginsBootstrapper.java:163]-Found 1 custom documentation plugin(s)
[${project.name}][${env:SERVER_PORT}] 2022‐07‐18 12:08:16,615 INFO [main][ApiListingReferenceScanner.java:41]-Scanning for api listing references
[${project.name}][${env:SERVER_PORT}] 2022‐07‐18 12:08:16,826 INFO [main][StartupInfoLogger.java:59]-Started RestTemplateTest in 10.764 seconds (JVM running for 12.538)
[${project.name}][${env:SERVER_PORT}] 2022‐07‐18 12:08:17,196 INFO [main][RestTemplateTest.java:47]-请求验证码服务，得到响应：{"body":{"code":0,"msg":"正常","result":{"key":"sms:6392a35605ad4b6c896b8dbc60a26082"}},"headers":{"Content-Type":["application/json;charset=UTF-8"],"Date":["Mon, 18 Jul 2022 04:08:17 GMT"],"Transfer-Encoding":["chunked"]},"statusCode":"OK","statusCodeValue":200}
[${project.name}][${env:SERVER_PORT}] 2022‐07‐18 12:08:17,204 INFO [Thread-9][AwaitingNonWebApplicationListener.java:155]- [Dubbo] Current Spring Boot Application is about to shutdown...
[${project.name}][${env:SERVER_PORT}] 2022‐07‐18 12:08:17,205 INFO [Thread-9][AbstractRegistryFactory.java:68]- [DUBBO] Close all registries [nacos://127.0.0.1:8848/org.apache.dubbo.registry.RegistryService?application=merchant-application&dubbo=2.0.2&interface=org.apache.dubbo.registry.RegistryService&pid=80536&qos.enable=false&qos.port=22310&release=2.7.3&timestamp=1658117291478], dubbo version: 2.7.3, current host: 192.168.81.1
[${project.name}][${env:SERVER_PORT}] 2022‐07‐18 12:08:17,205 INFO [Thread-9][AbstractRegistry.java:458]- [DUBBO] Destroy registry:nacos://127.0.0.1:8848/org.apache.dubbo.registry.RegistryService?application=merchant-application&dubbo=2.0.2&interface=org.apache.dubbo.registry.RegistryService&pid=80536&qos.enable=false&qos.port=22310&release=2.7.3&timestamp=1658117291478, dubbo version: 2.7.3, current host: 192.168.81.1
[${project.name}][${env:SERVER_PORT}] 2022‐07‐18 12:08:17,205 INFO [Thread-9][AbstractRegistry.java:291]- [DUBBO] Unregister: consumer://192.168.81.1/cn.qifeng.merchant.api.MerchantService?application=merchant-application&category=consumers&check=false&dubbo=2.0.2&interface=cn.qifeng.merchant.api.MerchantService&lazy=false&methods=queryMerchantById&pid=80536&qos.enable=false&qos.port=22310&release=2.7.3&retries=-1&side=consumer&sticky=false&timeout=3000&timestamp=1658117291281, dubbo version: 2.7.3, current host: 192.168.81.1
[${project.name}][${env:SERVER_PORT}] 2022‐07‐18 12:08:17,208 INFO [Thread-9][AbstractRegistry.java:467]- [DUBBO] Destroy unregister url consumer://192.168.81.1/cn.qifeng.merchant.api.MerchantService?application=merchant-application&category=consumers&check=false&dubbo=2.0.2&interface=cn.qifeng.merchant.api.MerchantService&lazy=false&methods=queryMerchantById&pid=80536&qos.enable=false&qos.port=22310&release=2.7.3&retries=-1&side=consumer&sticky=false&timeout=3000&timestamp=1658117291281, dubbo version: 2.7.3, current host: 192.168.81.1
[${project.name}][${env:SERVER_PORT}] 2022‐07‐18 12:08:17,208 INFO [Thread-9][AbstractRegistry.java:291]- [DUBBO] Unregister: consumer://192.168.81.1/org.apache.dubbo.rpc.service.GenericService?application=merchant-application&category=consumers&check=false&dubbo=2.0.2&generic=true&group=merchant-service&interface=com.alibaba.cloud.dubbo.service.DubboMetadataService&lazy=false&pid=80536&qos.enable=false&qos.port=22310&release=2.7.3&retries=-1&side=consumer&sticky=false&timeout=3000&timestamp=1658117291475&version=1.0.0, dubbo version: 2.7.3, current host: 192.168.81.1
[${project.name}][${env:SERVER_PORT}] 2022‐07‐18 12:08:17,211 INFO [Thread-9][AbstractRegistry.java:467]- [DUBBO] Destroy unregister url consumer://192.168.81.1/org.apache.dubbo.rpc.service.GenericService?application=merchant-application&category=consumers&check=false&dubbo=2.0.2&generic=true&group=merchant-service&interface=com.alibaba.cloud.dubbo.service.DubboMetadataService&lazy=false&pid=80536&qos.enable=false&qos.port=22310&release=2.7.3&retries=-1&side=consumer&sticky=false&timeout=3000&timestamp=1658117291475&version=1.0.0, dubbo version: 2.7.3, current host: 192.168.81.1
[${project.name}][${env:SERVER_PORT}] 2022‐07‐18 12:08:17,211 INFO [Thread-9][AbstractRegistry.java:320]- [DUBBO] Unsubscribe: consumer://192.168.81.1/cn.qifeng.merchant.api.MerchantService?application=merchant-application&category=providers,configurators,routers&check=false&dubbo=2.0.2&interface=cn.qifeng.merchant.api.MerchantService&lazy=false&methods=queryMerchantById&pid=80536&qos.enable=false&qos.port=22310&release=2.7.3&retries=-1&side=consumer&sticky=false&timeout=3000&timestamp=1658117291281, dubbo version: 2.7.3, current host: 192.168.81.1
[${project.name}][${env:SERVER_PORT}] 2022‐07‐18 12:08:17,211 INFO [Thread-9][AbstractRegistry.java:483]- [DUBBO] Destroy unsubscribe url consumer://192.168.81.1/cn.qifeng.merchant.api.MerchantService?application=merchant-application&category=providers,configurators,routers&check=false&dubbo=2.0.2&interface=cn.qifeng.merchant.api.MerchantService&lazy=false&methods=queryMerchantById&pid=80536&qos.enable=false&qos.port=22310&release=2.7.3&retries=-1&side=consumer&sticky=false&timeout=3000&timestamp=1658117291281, dubbo version: 2.7.3, current host: 192.168.81.1
[${project.name}][${env:SERVER_PORT}] 2022‐07‐18 12:08:17,212 INFO [Thread-9][AbstractRegistry.java:320]- [DUBBO] Unsubscribe: consumer://192.168.81.1/org.apache.dubbo.rpc.service.GenericService?application=merchant-application&category=providers,configurators,routers&check=false&dubbo=2.0.2&generic=true&group=merchant-service&interface=com.alibaba.cloud.dubbo.service.DubboMetadataService&lazy=false&pid=80536&qos.enable=false&qos.port=22310&release=2.7.3&retries=-1&side=consumer&sticky=false&timeout=3000&timestamp=1658117291475&version=1.0.0, dubbo version: 2.7.3, current host: 192.168.81.1
[${project.name}][${env:SERVER_PORT}] 2022‐07‐18 12:08:17,212 INFO [Thread-9][AbstractRegistry.java:483]- [DUBBO] Destroy unsubscribe url consumer://192.168.81.1/org.apache.dubbo.rpc.service.GenericService?application=merchant-application&category=providers,configurators,routers&check=false&dubbo=2.0.2&generic=true&group=merchant-service&interface=com.alibaba.cloud.dubbo.service.DubboMetadataService&lazy=false&pid=80536&qos.enable=false&qos.port=22310&release=2.7.3&retries=-1&side=consumer&sticky=false&timeout=3000&timestamp=1658117291475&version=1.0.0, dubbo version: 2.7.3, current host: 192.168.81.1
[${project.name}][${env:SERVER_PORT}] 2022‐07‐18 12:08:17,212 INFO [Thread-9][DubboProtocol.java:654]- [DUBBO] Close dubbo connect: /192.168.81.1:47438-->/192.168.81.1:20890, dubbo version: 2.7.3, current host: 192.168.81.1
[${project.name}][${env:SERVER_PORT}] 2022‐07‐18 12:08:17,212 INFO [Thread-9][AbstractProtocol.java:66]- [DUBBO] Destroy reference: dubbo://192.168.81.1:20890/cn.qifeng.merchant.api.MerchantService?anyhost=true&application=merchant-application&bean.name=ServiceBean:cn.qifeng.merchant.api.MerchantService&category=providers&check=false&deprecated=false&dubbo=2.0.2&dynamic=true&generic=false&interface=cn.qifeng.merchant.api.MerchantService&lazy=false&methods=queryMerchantById&path=cn.qifeng.merchant.api.MerchantService&pid=80536&protocol=dubbo&qos.enable=false&qos.port=22310&register=true&register.ip=192.168.81.1&release=2.7.3&remote.application=merchant-service&retries=-1&side=consumer&sticky=false&timeout=3000&timestamp=1658111039851, dubbo version: 2.7.3, current host: 192.168.81.1
[${project.name}][${env:SERVER_PORT}] 2022‐07‐18 12:08:17,213 INFO [Thread-9][AbstractProtocol.java:66]- [DUBBO] Destroy reference: dubbo://192.168.81.1:20890/com.alibaba.cloud.dubbo.service.DubboMetadataService?anyhost=true&application=merchant-application&bind.ip=192.168.81.1&bind.port=20890&check=false&deprecated=false&dubbo=2.0.2&dynamic=true&generic=true&group=merchant-service&interface=com.alibaba.cloud.dubbo.service.DubboMetadataService&lazy=false&methods=getAllServiceKeys,getServiceRestMetadata,getExportedURLs,getAllExportedURLs&pid=80536&qos.enable=false&qos.port=22310&register=true&register.ip=192.168.81.1&release=2.7.3&remote.application=merchant-service&retries=-1&revision=2.1.0.RELEASE&side=consumer&sticky=false&timeout=3000&timestamp=1658111040204&version=1.0.0, dubbo version: 2.7.3, current host: 192.168.81.1
[${project.name}][${env:SERVER_PORT}] 2022‐07‐18 12:08:17,213 INFO [Thread-9][AbstractProtocol.java:66]- [DUBBO] Destroy reference: dubbo://192.168.81.1:20890/com.alibaba.cloud.dubbo.service.DubboMetadataService?anyhost=true&application=merchant-application&category=providers&check=false&deprecated=false&dubbo=2.0.2&dynamic=true&generic=true&group=merchant-service&interface=com.alibaba.cloud.dubbo.service.DubboMetadataService&lazy=false&methods=getAllServiceKeys,getServiceRestMetadata,getExportedURLs,getAllExportedURLs&path=com.alibaba.cloud.dubbo.service.DubboMetadataService&pid=80536&protocol=dubbo&qos.enable=false&qos.port=22310&register=true&register.ip=192.168.81.1&release=2.7.3&remote.application=merchant-service&retries=-1&revision=2.1.0.RELEASE&side=consumer&sticky=false&timeout=3000&timestamp=1658111040204&version=1.0.0, dubbo version: 2.7.3, current host: 192.168.81.1
[${project.name}][${env:SERVER_PORT}] 2022‐07‐18 12:08:17,214 INFO [Thread-9][NettyChannel.java:172]- [DUBBO] Close netty channel [id: 0x89e927e6, L:/192.168.81.1:47438 - R:/192.168.81.1:20890], dubbo version: 2.7.3, current host: 192.168.81.1
[${project.name}][${env:SERVER_PORT}] 2022‐07‐18 12:08:17,218 INFO [Thread-9][AbstractProtocol.java:66]- [DUBBO] Destroy reference: dubbo://192.168.81.1:20890/cn.qifeng.merchant.api.MerchantService?anyhost=true&application=merchant-application&bean.name=ServiceBean:cn.qifeng.merchant.api.MerchantService&check=false&deprecated=false&dubbo=2.0.2&dynamic=true&generic=false&interface=cn.qifeng.merchant.api.MerchantService&lazy=false&methods=queryMerchantById&pid=80536&qos.enable=false&qos.port=22310&register=true&register.ip=192.168.81.1&release=2.7.3&remote.application=merchant-service&retries=-1&side=consumer&sticky=false&timeout=3000&timestamp=1658111039851, dubbo version: 2.7.3, current host: 192.168.81.1
[${project.name}][${env:SERVER_PORT}] 2022‐07‐18 12:08:17,219 INFO [Thread-9][Server.java:112]- [DUBBO] qos-server stopped., dubbo version: 2.7.3, current host: 192.168.81.1
[${project.name}][${env:SERVER_PORT}] 2022‐07‐18 12:08:17,223 INFO [Thread-9][ExecutorConfigurationSupport.java:208]-Shutting down ExecutorService 'applicationTaskExecutor'
[${project.name}][${env:SERVER_PORT}] 2022‐07‐18 12:08:17,230 INFO [Thread-9][DubboGenericServiceFactory.java:159]-The Dubbo GenericService ReferenceBeans are destroying...
[${project.name}][${env:SERVER_PORT}] 2022‐07‐18 12:08:17,230 INFO [Thread-9][DubboGenericServiceFactory.java:164]-Destroyed the ReferenceBean  : <dubbo:reference singleton="true" prefix="dubbo.reference.com.alibaba.cloud.dubbo.service.DubboMetadataService" interface="com.alibaba.cloud.dubbo.service.DubboMetadataService" generic="true" version="1.0.0" generic="true" group="merchant-service" lazy="false" sticky="false" id="com.alibaba.cloud.dubbo.service.DubboMetadataService" valid="true" /> 
[${project.name}][${env:SERVER_PORT}] 2022‐07‐18 12:08:17,231 INFO [Thread-9][AnnotationInjectedBeanPostProcessor.java:293]-org.apache.dubbo.common.bytecode.proxy1@51e6f775 was destroying!
[${project.name}][${env:SERVER_PORT}] 2022‐07‐18 12:08:17,232 INFO [Thread-9][AnnotationInjectedBeanPostProcessor.java:305]-class org.apache.dubbo.config.spring.beans.factory.annotation.ReferenceAnnotationBeanPostProcessor was destroying!
